# JRE version: OpenJDK Runtime Environment (8.0_152-b01) (build 1.8.0_152-release-915-b01)
# Java VM: OpenJDK 64-Bit Server VM (25.152-b01 mixed mode linux-amd64 compressed oops)
Heap:
 PSYoungGen      total 363008K, used 21478K [0x00000000e0000000, 0x00000000f7880000, 0x0000000100000000)
  eden space 341504K, 0% used [0x00000000e0000000,0x00000000e0000000,0x00000000f4d80000)
  from space 21504K, 99% used [0x00000000f4d80000,0x00000000f6279a20,0x00000000f6280000)
  to   space 18944K, 0% used [0x00000000f6280000,0x00000000f6280000,0x00000000f7500000)
 ParOldGen       total 69632K, used 63818K [0x00000000a0000000, 0x00000000a4400000, 0x00000000e0000000)
  object space 69632K, 91% used [0x00000000a0000000,0x00000000a3e52ae8,0x00000000a4400000)
 Metaspace       used 70764K, capacity 74546K, committed 74712K, reserved 1114112K
  class space    used 9242K, capacity 10197K, committed 10240K, reserved 1048576K
GC Heap History (10 events):
Event: 11,714 GC heap after
Heap after GC invocations=13 (full 2):
 PSYoungGen      total 182272K, used 11232K [0x00000000e0000000, 0x00000000f1080000, 0x0000000100000000)
  eden space 171008K, 0% used [0x00000000e0000000,0x00000000e0000000,0x00000000ea700000)
  from space 11264K, 99% used [0x00000000ea700000,0x00000000eb1f8330,0x00000000eb200000)
  to   space 14336K, 0% used [0x00000000f0280000,0x00000000f0280000,0x00000000f1080000)
 ParOldGen       total 39936K, used 18608K [0x00000000a0000000, 0x00000000a2700000, 0x00000000e0000000)
  object space 39936K, 46% used [0x00000000a0000000,0x00000000a122c280,0x00000000a2700000)
 Metaspace       used 45717K, capacity 46534K, committed 46808K, reserved 1089536K
  class space    used 6106K, capacity 6392K, committed 6400K, reserved 1048576K
}
Event: 39,419 GC heap before
{Heap before GC invocations=14 (full 2):
 PSYoungGen      total 182272K, used 182240K [0x00000000e0000000, 0x00000000f1080000, 0x0000000100000000)
  eden space 171008K, 100% used [0x00000000e0000000,0x00000000ea700000,0x00000000ea700000)
  from space 11264K, 99% used [0x00000000ea700000,0x00000000eb1f8330,0x00000000eb200000)
  to   space 14336K, 0% used [0x00000000f0280000,0x00000000f0280000,0x00000000f1080000)
 ParOldGen       total 39936K, used 18608K [0x00000000a0000000, 0x00000000a2700000, 0x00000000e0000000)
  object space 39936K, 46% used [0x00000000a0000000,0x00000000a122c280,0x00000000a2700000)
 Metaspace       used 55001K, capacity 57008K, committed 57176K, reserved 1099776K
  class space    used 7269K, capacity 7753K, committed 7808K, reserved 1048576K
Event: 39,448 GC heap after
Heap after GC invocations=14 (full 2):
 PSYoungGen      total 259072K, used 14331K [0x00000000e0000000, 0x00000000f1600000, 0x0000000100000000)
  eden space 244736K, 0% used [0x00000000e0000000,0x00000000e0000000,0x00000000eef00000)
  from space 14336K, 99% used [0x00000000f0280000,0x00000000f107eff8,0x00000000f1080000)
  to   space 19968K, 0% used [0x00000000eef00000,0x00000000eef00000,0x00000000f0280000)
 ParOldGen       total 39936K, used 27264K [0x00000000a0000000, 0x00000000a2700000, 0x00000000e0000000)
  object space 39936K, 68% used [0x00000000a0000000,0x00000000a1aa0120,0x00000000a2700000)
 Metaspace       used 55001K, capacity 57008K, committed 57176K, reserved 1099776K
  class space    used 7269K, capacity 7753K, committed 7808K, reserved 1048576K
}
Event: 41,393 GC heap before
{Heap before GC invocations=15 (full 2):
 PSYoungGen      total 259072K, used 124802K [0x00000000e0000000, 0x00000000f1600000, 0x0000000100000000)
  eden space 244736K, 45% used [0x00000000e0000000,0x00000000e6be1aa0,0x00000000eef00000)
  from space 14336K, 99% used [0x00000000f0280000,0x00000000f107eff8,0x00000000f1080000)
  to   space 19968K, 0% used [0x00000000eef00000,0x00000000eef00000,0x00000000f0280000)
 ParOldGen       total 39936K, used 27264K [0x00000000a0000000, 0x00000000a2700000, 0x00000000e0000000)
  object space 39936K, 68% used [0x00000000a0000000,0x00000000a1aa0120,0x00000000a2700000)
 Metaspace       used 56814K, capacity 58812K, committed 58968K, reserved 1099776K
  class space    used 7466K, capacity 7971K, committed 8064K, reserved 1048576K
Event: 41,413 GC heap after
Heap after GC invocations=15 (full 2):
 PSYoungGen      total 264704K, used 9868K [0x00000000e0000000, 0x00000000f7500000, 0x0000000100000000)
  eden space 244736K, 0% used [0x00000000e0000000,0x00000000e0000000,0x00000000eef00000)
  from space 19968K, 49% used [0x00000000eef00000,0x00000000ef8a3150,0x00000000f0280000)
  to   space 18944K, 0% used [0x00000000f6280000,0x00000000f6280000,0x00000000f7500000)
 ParOldGen       total 39936K, used 34166K [0x00000000a0000000, 0x00000000a2700000, 0x00000000e0000000)
  object space 39936K, 85% used [0x00000000a0000000,0x00000000a215d9b8,0x00000000a2700000)
 Metaspace       used 56814K, capacity 58812K, committed 58968K, reserved 1099776K
  class space    used 7466K, capacity 7971K, committed 8064K, reserved 1048576K
}
Event: 41,413 GC heap before
{Heap before GC invocations=16 (full 3):
 PSYoungGen      total 264704K, used 9868K [0x00000000e0000000, 0x00000000f7500000, 0x0000000100000000)
  eden space 244736K, 0% used [0x00000000e0000000,0x00000000e0000000,0x00000000eef00000)
  from space 19968K, 49% used [0x00000000eef00000,0x00000000ef8a3150,0x00000000f0280000)
  to   space 18944K, 0% used [0x00000000f6280000,0x00000000f6280000,0x00000000f7500000)
 ParOldGen       total 39936K, used 34166K [0x00000000a0000000, 0x00000000a2700000, 0x00000000e0000000)
  object space 39936K, 85% used [0x00000000a0000000,0x00000000a215d9b8,0x00000000a2700000)
 Metaspace       used 56814K, capacity 58812K, committed 58968K, reserved 1099776K
  class space    used 7466K, capacity 7971K, committed 8064K, reserved 1048576K
Event: 41,564 GC heap after
Heap after GC invocations=16 (full 3):
 PSYoungGen      total 264704K, used 0K [0x00000000e0000000, 0x00000000f7500000, 0x0000000100000000)
  eden space 244736K, 0% used [0x00000000e0000000,0x00000000e0000000,0x00000000eef00000)
  from space 19968K, 0% used [0x00000000eef00000,0x00000000eef00000,0x00000000f0280000)
  to   space 18944K, 0% used [0x00000000f6280000,0x00000000f6280000,0x00000000f7500000)
 ParOldGen       total 69632K, used 35067K [0x00000000a0000000, 0x00000000a4400000, 0x00000000e0000000)
  object space 69632K, 50% used [0x00000000a0000000,0x00000000a223ef00,0x00000000a4400000)
 Metaspace       used 56814K, capacity 58812K, committed 58968K, reserved 1099776K
  class space    used 7466K, capacity 7971K, committed 8064K, reserved 1048576K
}
Event: 160,021 GC heap before
{Heap before GC invocations=17 (full 3):
 PSYoungGen      total 264704K, used 244736K [0x00000000e0000000, 0x00000000f7500000, 0x0000000100000000)
  eden space 244736K, 100% used [0x00000000e0000000,0x00000000eef00000,0x00000000eef00000)
  from space 19968K, 0% used [0x00000000eef00000,0x00000000eef00000,0x00000000f0280000)
  to   space 18944K, 0% used [0x00000000f6280000,0x00000000f6280000,0x00000000f7500000)
 ParOldGen       total 69632K, used 35067K [0x00000000a0000000, 0x00000000a4400000, 0x00000000e0000000)
  object space 69632K, 50% used [0x00000000a0000000,0x00000000a223ef00,0x00000000a4400000)
 Metaspace       used 64342K, capacity 67066K, committed 67288K, reserved 1107968K
  class space    used 8410K, capacity 9101K, committed 9216K, reserved 1048576K
Event: 160,043 GC heap after
Heap after GC invocations=17 (full 3):
 PSYoungGen      total 360448K, used 17426K [0x00000000e0000000, 0x00000000f7880000, 0x0000000100000000)
  eden space 341504K, 0% used [0x00000000e0000000,0x00000000e0000000,0x00000000f4d80000)
  from space 18944K, 91% used [0x00000000f6280000,0x00000000f7384ad0,0x00000000f7500000)
  to   space 21504K, 0% used [0x00000000f4d80000,0x00000000f4d80000,0x00000000f6280000)
 ParOldGen       total 69632K, used 35075K [0x00000000a0000000, 0x00000000a4400000, 0x00000000e0000000)
  object space 69632K, 50% used [0x00000000a0000000,0x00000000a2240f00,0x00000000a4400000)
 Metaspace       used 64342K, capacity 67066K, committed 67288K, reserved 1107968K
  class space    used 8410K, capacity 9101K, committed 9216K, reserved 1048576K
}
Event: 179,760 GC heap before
{Heap before GC invocations=18 (full 3):
 PSYoungGen      total 360448K, used 358699K [0x00000000e0000000, 0x00000000f7880000, 0x0000000100000000)
  eden space 341504K, 99% used [0x00000000e0000000,0x00000000f4d46238,0x00000000f4d80000)
  from space 18944K, 91% used [0x00000000f6280000,0x00000000f7384ad0,0x00000000f7500000)
  to   space 21504K, 0% used [0x00000000f4d80000,0x00000000f4d80000,0x00000000f6280000)
 ParOldGen       total 69632K, used 35075K [0x00000000a0000000, 0x00000000a4400000, 0x00000000e0000000)
  object space 69632K, 50% used [0x00000000a0000000,0x00000000a2240f00,0x00000000a4400000)
 Metaspace       used 70764K, capacity 74546K, committed 74712K, reserved 1114112K
  class space    used 9242K, capacity 10197K, committed 10240K, reserved 1048576K

